\BOOKMARK [0][-]{chapter.1}{\376\377\150\106\147\266\151\202\217\360}{}% 1
\BOOKMARK [1][-]{section.1.1}{\376\377\150\106\147\266\200\314\146\157\116\016\162\110\147\054\157\024\217\333}{chapter.1}% 2
\BOOKMARK [1][-]{section.1.2}{\376\377\150\070\137\303\176\304\116\366\151\202\211\310\116\016\213\276\213\241\124\362\133\146}{chapter.1}% 3
\BOOKMARK [1][-]{section.1.3}{\376\377\116\073\211\201\122\237\200\375\226\306\116\016\136\224\165\050\230\206\127\337}{chapter.1}% 4
\BOOKMARK [1][-]{section.1.4}{\376\377\170\024\172\166\122\250\147\072\116\016\122\006\147\220\166\356\150\007}{chapter.1}% 5
\BOOKMARK [1][-]{section.1.5}{\376\377\122\006\147\220\145\271\154\325\213\272\116\016\135\345\121\167\226\306}{chapter.1}% 6
\BOOKMARK [0][-]{chapter.2}{\376\377\213\276\213\241\152\041\137\017\213\306\122\053\154\107\140\073}{}% 7
\BOOKMARK [1][-]{section.2.1}{\376\377\152\041\137\017\140\073\211\310}{chapter.2}% 8
\BOOKMARK [2][-]{subsection.2.1.1}{\376\377\133\214\145\164\213\276\213\241\152\041\137\017\156\005\123\125}{section.2.1}% 9
\BOOKMARK [2][-]{subsection.2.1.2}{\376\377\152\041\137\017\122\006\174\173\176\337\213\241}{section.2.1}% 10
\BOOKMARK [1][-]{section.2.2}{\376\377\221\317\123\026\122\006\147\220}{chapter.2}% 11
\BOOKMARK [2][-]{subsection.2.2.1}{\376\377\124\004\152\041\137\017\121\372\163\260\230\221\153\041\176\337\213\241\210\150}{section.2.2}% 12
\BOOKMARK [2][-]{subsection.2.2.2}{\376\377\232\330\230\221\152\041\137\017\122\006\147\220}{section.2.2}% 13
\BOOKMARK [1][-]{section.2.3}{\376\377\152\041\127\127\122\006\136\003}{chapter.2}% 14
\BOOKMARK [2][-]{subsection.2.3.1}{\376\377\150\070\137\303\152\041\127\127\152\041\137\017\122\006\136\003\162\171\137\201}{section.2.3}% 15
\BOOKMARK [2][-]{subsection.2.3.2}{\376\377\152\041\137\017\123\117\117\134\121\163\174\373\122\006\147\220}{section.2.3}% 16
\BOOKMARK [0][-]{chapter.3}{\376\377\221\315\160\271\152\041\137\017\155\361\136\246\122\006\147\220}{}% 17
\BOOKMARK [1][-]{section.3.1}{\376\377\136\372\220\040\200\005\152\041\137\017\377\032\131\015\147\102\133\371\214\141\147\204\136\372\166\204\130\360\146\016\137\017\203\003\137\017}{chapter.3}% 18
\BOOKMARK [2][-]{subsection.3.1.1}{\376\377\152\041\137\017\133\232\117\115}{section.3.1}% 19
\BOOKMARK [2][-]{subsection.3.1.2}{\376\377\000U\000M\000L\174\173\126\376\211\343\147\220}{section.3.1}% 20
\BOOKMARK [2][-]{subsection.3.1.3}{\376\377\121\167\117\123\136\224\165\050\127\072\146\157\155\361\136\246\122\126\147\220}{section.3.1}% 21
\BOOKMARK [1][-]{section.3.2}{\376\377\173\126\165\145\152\041\137\017\377\032\134\001\210\305\123\357\123\330\173\227\154\325\116\345\133\236\163\260\217\320\210\114\145\366\122\250\140\001\140\047}{chapter.3}% 22
\BOOKMARK [2][-]{subsection.3.2.1}{\376\377\152\041\137\017\133\232\117\115}{section.3.2}% 23
\BOOKMARK [2][-]{subsection.3.2.2}{\376\377\000U\000M\000L\174\173\126\376\211\343\147\220}{section.3.2}% 24
\BOOKMARK [2][-]{subsection.3.2.3}{\376\377\121\167\117\123\136\224\165\050\127\072\146\157\155\361\136\246\122\126\147\220}{section.3.2}% 25
\BOOKMARK [1][-]{section.3.3}{\376\377\215\043\116\373\224\376\152\041\137\017\377\032\147\204\136\372\123\357\142\151\134\125\166\204\213\367\154\102\131\004\164\006\173\241\176\277}{chapter.3}% 26
\BOOKMARK [2][-]{subsection.3.3.1}{\376\377\152\041\137\017\133\232\117\115}{section.3.3}% 27
\BOOKMARK [2][-]{subsection.3.3.2}{\376\377\000U\000M\000L\174\173\126\376\211\343\147\220}{section.3.3}% 28
\BOOKMARK [2][-]{subsection.3.3.3}{\376\377\121\167\117\123\136\224\165\050\127\072\146\157\155\361\136\246\122\126\147\220}{section.3.3}% 29
\BOOKMARK [1][-]{section.3.4}{\376\377\135\345\123\202\152\041\137\017\377\032\211\343\200\046\133\371\214\141\166\204\122\033\136\372\116\016\117\177\165\050}{chapter.3}% 30
\BOOKMARK [2][-]{subsection.3.4.1}{\376\377\152\041\137\017\133\232\117\115}{section.3.4}% 31
\BOOKMARK [2][-]{subsection.3.4.2}{\376\377\000U\000M\000L\174\173\126\376\211\343\147\220}{section.3.4}% 32
\BOOKMARK [2][-]{subsection.3.4.3}{\376\377\121\167\117\123\136\224\165\050\127\072\146\157\155\361\136\246\122\126\147\220}{section.3.4}% 33
\BOOKMARK [0][-]{chapter.4}{\376\377\213\276\213\241\140\035\140\363\140\073\176\323}{}% 34
\BOOKMARK [1][-]{section.4.1}{\376\377\150\106\147\266\145\164\117\123\166\204\213\276\213\241\164\006\137\365}{chapter.4}% 35
\BOOKMARK [2][-]{subsection.4.1.1}{\376\377\227\142\124\021\143\245\123\343\177\026\172\013}{section.4.1}% 36
\BOOKMARK [2][-]{subsection.4.1.2}{\376\377\123\357\142\151\134\125\140\047\116\016\123\357\221\115\177\156\140\047\117\030\121\110}{section.4.1}% 37
\BOOKMARK [2][-]{subsection.4.1.3}{\376\377\121\163\154\350\160\271\122\006\171\273}{section.4.1}% 38
\BOOKMARK [1][-]{section.4.2}{\376\377\213\276\213\241\152\041\137\017\136\224\165\050\166\204\145\164\117\123\173\126\165\145}{chapter.4}% 39
\BOOKMARK [2][-]{subsection.4.2.1}{\376\377\176\304\124\010\117\030\116\216\176\347\142\177}{section.4.2}% 40
\BOOKMARK [2][-]{subsection.4.2.2}{\376\377\165\050\152\041\137\017\211\343\121\263\162\171\133\232\230\206\127\337\225\356\230\230}{section.4.2}% 41
\BOOKMARK [1][-]{section.4.3}{\376\377\133\371\217\157\116\366\147\266\147\204\166\204\124\057\123\321}{chapter.4}% 42
\BOOKMARK [0][-]{chapter.5}{\376\377\133\146\116\140\137\303\137\227\116\016\140\035\200\003}{}% 43
\BOOKMARK [1][-]{section.5.1}{\376\377\133\146\116\140\217\307\172\013\116\055\166\204\145\066\203\267}{chapter.5}% 44
\BOOKMARK [1][-]{section.5.2}{\376\377\220\107\122\060\166\204\126\360\226\276\116\016\211\343\121\263\145\271\154\325}{chapter.5}% 45
\BOOKMARK [1][-]{section.5.3}{\376\377\133\371\213\276\213\241\152\041\137\017\133\236\226\105\136\224\165\050\166\204\145\260\213\244\213\306}{chapter.5}% 46
